Problem:    EON_SDS001
Rows:       19
Columns:    360 (360 integer, 360 binary)
Non-zeros:  1080
Status:     INTEGER OPTIMAL
Objective:  Index = 30 (MINimum)

   No.   Row name        Activity     Lower bound   Upper bound
------ ------------    ------------- ------------- -------------
     1 Index                      30                             
     2 FLOW_CONSERVE_PRIMARY1[1,1,1]
                                   5             5             = 
     3 FLOW_CONSERVE_PRIMARY2[3,3,1]
                                  -5            -5             = 
     4 FLOW_CONSERVE_PRIMARY3[1,2,1]
                                   0            -0             = 
     5 FLOW_CONSERVE_PRIMARY3[1,3,1]
                                   0            -0             = 
     6 FLOW_CONSERVE_PRIMARY3[2,1,1]
                                   0            -0             = 
     7 FLOW_CONSERVE_PRIMARY3[2,2,1]
                                   0            -0             = 
     8 FLOW_CONSERVE_PRIMARY3[2,3,1]
                                   0            -0             = 
     9 FLOW_CONSERVE_PRIMARY3[3,1,1]
                                   0            -0             = 
    10 FLOW_CONSERVE_PRIMARY3[3,2,1]
                                   0            -0             = 
    11 FLOW_CONSERVE_BACKUP1[1,1,1]
                                   5             5             = 
    12 FLOW_CONSERVE_BACKUP2[3,3,1]
                                  -5            -5             = 
    13 FLOW_CONSERVE_BACKUP3[1,2,1]
                                   0            -0             = 
    14 FLOW_CONSERVE_BACKUP3[1,3,1]
                                   0            -0             = 
    15 FLOW_CONSERVE_BACKUP3[2,1,1]
                                   0            -0             = 
    16 FLOW_CONSERVE_BACKUP3[2,2,1]
                                   0            -0             = 
    17 FLOW_CONSERVE_BACKUP3[2,3,1]
                                   0            -0             = 
    18 FLOW_CONSERVE_BACKUP3[3,1,1]
                                   0            -0             = 
    19 FLOW_CONSERVE_BACKUP3[3,2,1]
                                   0            -0             = 

   No. Column name       Activity     Lower bound   Upper bound
------ ------------    ------------- ------------- -------------
     1 yp[1,1,1,1,2,0]
                    *              1             0             1 
     2 yp[1,1,1,1,3,0]
                    *              0             0             1 
     3 yp[1,1,1,2,1,0]
                    *              0             0             1 
     4 yp[1,1,1,3,1,0]
                    *              0             0             1 
     5 yp[1,1,2,3,1,0]
                    *              0             0             1 
     6 yp[1,1,3,2,1,0]
                    *              1             0             1 
     7 yp[1,1,3,3,2,0]
                    *              0             0             1 
     8 yp[1,2,1,1,3,0]
                    *              0             0             1 
     9 yp[1,2,2,1,2,0]
                    *              0             0             1 
    10 yp[1,2,2,2,1,0]
                    *              0             0             1 
    11 yp[1,2,3,2,2,0]
                    *              0             0             1 
    12 yp[1,3,1,1,2,0]
                    *              0             0             1 
    13 yp[1,3,1,2,3,0]
                    *              0             0             1 
    14 yp[1,3,2,2,2,0]
                    *              0             0             1 
    15 yp[1,3,3,1,3,0]
                    *              1             0             1 
    16 yp[1,3,3,2,3,0]
                    *              0             0             1 
    17 yp[1,3,3,3,1,0]
                    *              0             0             1 
    18 yp[1,3,3,3,2,0]
                    *              0             0             1 
    19 yp[1,1,1,1,2,1]
                    *              1             0             1 
    20 yp[1,1,1,1,3,1]
                    *              0             0             1 
    21 yp[1,1,1,2,1,1]
                    *              0             0             1 
    22 yp[1,1,1,3,1,1]
                    *              0             0             1 
    23 yp[1,1,2,3,1,1]
                    *              0             0             1 
    24 yp[1,1,3,2,1,1]
                    *              1             0             1 
    25 yp[1,1,3,3,2,1]
                    *              0             0             1 
    26 yp[1,2,1,1,3,1]
                    *              0             0             1 
    27 yp[1,2,2,1,2,1]
                    *              0             0             1 
    28 yp[1,2,2,2,1,1]
                    *              0             0             1 
    29 yp[1,2,3,2,2,1]
                    *              0             0             1 
    30 yp[1,3,1,1,2,1]
                    *              0             0             1 
    31 yp[1,3,1,2,3,1]
                    *              0             0             1 
    32 yp[1,3,2,2,2,1]
                    *              0             0             1 
    33 yp[1,3,3,1,3,1]
                    *              1             0             1 
    34 yp[1,3,3,2,3,1]
                    *              0             0             1 
    35 yp[1,3,3,3,1,1]
                    *              0             0             1 
    36 yp[1,3,3,3,2,1]
                    *              0             0             1 
    37 yp[1,1,1,1,2,2]
                    *              1             0             1 
    38 yp[1,1,1,1,3,2]
                    *              0             0             1 
    39 yp[1,1,1,2,1,2]
                    *              0             0             1 
    40 yp[1,1,1,3,1,2]
                    *              0             0             1 
    41 yp[1,1,2,3,1,2]
                    *              0             0             1 
    42 yp[1,1,3,2,1,2]
                    *              1             0             1 
    43 yp[1,1,3,3,2,2]
                    *              0             0             1 
    44 yp[1,2,1,1,3,2]
                    *              0             0             1 
    45 yp[1,2,2,1,2,2]
                    *              0             0             1 
    46 yp[1,2,2,2,1,2]
                    *              0             0             1 
    47 yp[1,2,3,2,2,2]
                    *              0             0             1 
    48 yp[1,3,1,1,2,2]
                    *              0             0             1 
    49 yp[1,3,1,2,3,2]
                    *              0             0             1 
    50 yp[1,3,2,2,2,2]
                    *              0             0             1 
    51 yp[1,3,3,1,3,2]
                    *              1             0             1 
    52 yp[1,3,3,2,3,2]
                    *              0             0             1 
    53 yp[1,3,3,3,1,2]
                    *              0             0             1 
    54 yp[1,3,3,3,2,2]
                    *              0             0             1 
    55 yp[1,1,1,1,2,3]
                    *              1             0             1 
    56 yp[1,1,1,1,3,3]
                    *              0             0             1 
    57 yp[1,1,1,2,1,3]
                    *              0             0             1 
    58 yp[1,1,1,3,1,3]
                    *              0             0             1 
    59 yp[1,1,2,3,1,3]
                    *              0             0             1 
    60 yp[1,1,3,2,1,3]
                    *              1             0             1 
    61 yp[1,1,3,3,2,3]
                    *              0             0             1 
    62 yp[1,2,1,1,3,3]
                    *              0             0             1 
    63 yp[1,2,2,1,2,3]
                    *              0             0             1 
    64 yp[1,2,2,2,1,3]
                    *              0             0             1 
    65 yp[1,2,3,2,2,3]
                    *              0             0             1 
    66 yp[1,3,1,1,2,3]
                    *              0             0             1 
    67 yp[1,3,1,2,3,3]
                    *              0             0             1 
    68 yp[1,3,2,2,2,3]
                    *              0             0             1 
    69 yp[1,3,3,1,3,3]
                    *              1             0             1 
    70 yp[1,3,3,2,3,3]
                    *              0             0             1 
    71 yp[1,3,3,3,1,3]
                    *              0             0             1 
    72 yp[1,3,3,3,2,3]
                    *              0             0             1 
    73 yp[1,1,1,1,2,4]
                    *              1             0             1 
    74 yp[1,1,1,1,3,4]
                    *              0             0             1 
    75 yp[1,1,1,2,1,4]
                    *              0             0             1 
    76 yp[1,1,1,3,1,4]
                    *              0             0             1 
    77 yp[1,1,2,3,1,4]
                    *              0             0             1 
    78 yp[1,1,3,2,1,4]
                    *              1             0             1 
    79 yp[1,1,3,3,2,4]
                    *              0             0             1 
    80 yp[1,2,1,1,3,4]
                    *              0             0             1 
    81 yp[1,2,2,1,2,4]
                    *              0             0             1 
    82 yp[1,2,2,2,1,4]
                    *              0             0             1 
    83 yp[1,2,3,2,2,4]
                    *              0             0             1 
    84 yp[1,3,1,1,2,4]
                    *              0             0             1 
    85 yp[1,3,1,2,3,4]
                    *              0             0             1 
    86 yp[1,3,2,2,2,4]
                    *              0             0             1 
    87 yp[1,3,3,1,3,4]
                    *              1             0             1 
    88 yp[1,3,3,2,3,4]
                    *              0             0             1 
    89 yp[1,3,3,3,1,4]
                    *              0             0             1 
    90 yp[1,3,3,3,2,4]
                    *              0             0             1 
    91 yp[1,1,1,1,2,5]
                    *              0             0             1 
    92 yp[1,1,1,1,3,5]
                    *              0             0             1 
    93 yp[1,1,1,2,1,5]
                    *              0             0             1 
    94 yp[1,1,1,3,1,5]
                    *              0             0             1 
    95 yp[1,1,2,3,1,5]
                    *              0             0             1 
    96 yp[1,1,3,2,1,5]
                    *              0             0             1 
    97 yp[1,1,3,3,2,5]
                    *              0             0             1 
    98 yp[1,2,1,1,3,5]
                    *              0             0             1 
    99 yp[1,2,2,1,2,5]
                    *              0             0             1 
   100 yp[1,2,2,2,1,5]
                    *              0             0             1 
   101 yp[1,2,3,2,2,5]
                    *              0             0             1 
   102 yp[1,3,1,1,2,5]
                    *              0             0             1 
   103 yp[1,3,1,2,3,5]
                    *              0             0             1 
   104 yp[1,3,2,2,2,5]
                    *              0             0             1 
   105 yp[1,3,3,1,3,5]
                    *              0             0             1 
   106 yp[1,3,3,2,3,5]
                    *              0             0             1 
   107 yp[1,3,3,3,1,5]
                    *              0             0             1 
   108 yp[1,3,3,3,2,5]
                    *              0             0             1 
   109 yp[1,1,1,1,2,6]
                    *              0             0             1 
   110 yp[1,1,1,1,3,6]
                    *              0             0             1 
   111 yp[1,1,1,2,1,6]
                    *              0             0             1 
   112 yp[1,1,1,3,1,6]
                    *              0             0             1 
   113 yp[1,1,2,3,1,6]
                    *              0             0             1 
   114 yp[1,1,3,2,1,6]
                    *              0             0             1 
   115 yp[1,1,3,3,2,6]
                    *              0             0             1 
   116 yp[1,2,1,1,3,6]
                    *              0             0             1 
   117 yp[1,2,2,1,2,6]
                    *              0             0             1 
   118 yp[1,2,2,2,1,6]
                    *              0             0             1 
   119 yp[1,2,3,2,2,6]
                    *              0             0             1 
   120 yp[1,3,1,1,2,6]
                    *              0             0             1 
   121 yp[1,3,1,2,3,6]
                    *              0             0             1 
   122 yp[1,3,2,2,2,6]
                    *              0             0             1 
   123 yp[1,3,3,1,3,6]
                    *              0             0             1 
   124 yp[1,3,3,2,3,6]
                    *              0             0             1 
   125 yp[1,3,3,3,1,6]
                    *              0             0             1 
   126 yp[1,3,3,3,2,6]
                    *              0             0             1 
   127 yp[1,1,1,1,2,7]
                    *              0             0             1 
   128 yp[1,1,1,1,3,7]
                    *              0             0             1 
   129 yp[1,1,1,2,1,7]
                    *              0             0             1 
   130 yp[1,1,1,3,1,7]
                    *              0             0             1 
   131 yp[1,1,2,3,1,7]
                    *              0             0             1 
   132 yp[1,1,3,2,1,7]
                    *              0             0             1 
   133 yp[1,1,3,3,2,7]
                    *              0             0             1 
   134 yp[1,2,1,1,3,7]
                    *              0             0             1 
   135 yp[1,2,2,1,2,7]
                    *              0             0             1 
   136 yp[1,2,2,2,1,7]
                    *              0             0             1 
   137 yp[1,2,3,2,2,7]
                    *              0             0             1 
   138 yp[1,3,1,1,2,7]
                    *              0             0             1 
   139 yp[1,3,1,2,3,7]
                    *              0             0             1 
   140 yp[1,3,2,2,2,7]
                    *              0             0             1 
   141 yp[1,3,3,1,3,7]
                    *              0             0             1 
   142 yp[1,3,3,2,3,7]
                    *              0             0             1 
   143 yp[1,3,3,3,1,7]
                    *              0             0             1 
   144 yp[1,3,3,3,2,7]
                    *              0             0             1 
   145 yp[1,1,1,1,2,8]
                    *              0             0             1 
   146 yp[1,1,1,1,3,8]
                    *              0             0             1 
   147 yp[1,1,1,2,1,8]
                    *              0             0             1 
   148 yp[1,1,1,3,1,8]
                    *              0             0             1 
   149 yp[1,1,2,3,1,8]
                    *              0             0             1 
   150 yp[1,1,3,2,1,8]
                    *              0             0             1 
   151 yp[1,1,3,3,2,8]
                    *              0             0             1 
   152 yp[1,2,1,1,3,8]
                    *              0             0             1 
   153 yp[1,2,2,1,2,8]
                    *              0             0             1 
   154 yp[1,2,2,2,1,8]
                    *              0             0             1 
   155 yp[1,2,3,2,2,8]
                    *              0             0             1 
   156 yp[1,3,1,1,2,8]
                    *              0             0             1 
   157 yp[1,3,1,2,3,8]
                    *              0             0             1 
   158 yp[1,3,2,2,2,8]
                    *              0             0             1 
   159 yp[1,3,3,1,3,8]
                    *              0             0             1 
   160 yp[1,3,3,2,3,8]
                    *              0             0             1 
   161 yp[1,3,3,3,1,8]
                    *              0             0             1 
   162 yp[1,3,3,3,2,8]
                    *              0             0             1 
   163 yp[1,1,1,1,2,9]
                    *              0             0             1 
   164 yp[1,1,1,1,3,9]
                    *              0             0             1 
   165 yp[1,1,1,2,1,9]
                    *              0             0             1 
   166 yp[1,1,1,3,1,9]
                    *              0             0             1 
   167 yp[1,1,2,3,1,9]
                    *              0             0             1 
   168 yp[1,1,3,2,1,9]
                    *              0             0             1 
   169 yp[1,1,3,3,2,9]
                    *              0             0             1 
   170 yp[1,2,1,1,3,9]
                    *              0             0             1 
   171 yp[1,2,2,1,2,9]
                    *              0             0             1 
   172 yp[1,2,2,2,1,9]
                    *              0             0             1 
   173 yp[1,2,3,2,2,9]
                    *              0             0             1 
   174 yp[1,3,1,1,2,9]
                    *              0             0             1 
   175 yp[1,3,1,2,3,9]
                    *              0             0             1 
   176 yp[1,3,2,2,2,9]
                    *              0             0             1 
   177 yp[1,3,3,1,3,9]
                    *              0             0             1 
   178 yp[1,3,3,2,3,9]
                    *              0             0             1 
   179 yp[1,3,3,3,1,9]
                    *              0             0             1 
   180 yp[1,3,3,3,2,9]
                    *              0             0             1 
   181 yb[1,1,1,1,2,0]
                    *              1             0             1 
   182 yb[1,1,1,1,3,0]
                    *              0             0             1 
   183 yb[1,1,1,2,1,0]
                    *              0             0             1 
   184 yb[1,1,1,3,1,0]
                    *              0             0             1 
   185 yb[1,1,2,3,1,0]
                    *              0             0             1 
   186 yb[1,1,3,2,1,0]
                    *              1             0             1 
   187 yb[1,1,3,3,2,0]
                    *              0             0             1 
   188 yb[1,2,1,1,3,0]
                    *              0             0             1 
   189 yb[1,2,2,1,2,0]
                    *              0             0             1 
   190 yb[1,2,2,2,1,0]
                    *              0             0             1 
   191 yb[1,2,3,2,2,0]
                    *              0             0             1 
   192 yb[1,3,1,1,2,0]
                    *              0             0             1 
   193 yb[1,3,1,2,3,0]
                    *              0             0             1 
   194 yb[1,3,2,2,2,0]
                    *              0             0             1 
   195 yb[1,3,3,1,3,0]
                    *              1             0             1 
   196 yb[1,3,3,2,3,0]
                    *              0             0             1 
   197 yb[1,3,3,3,1,0]
                    *              0             0             1 
   198 yb[1,3,3,3,2,0]
                    *              0             0             1 
   199 yb[1,1,1,1,2,1]
                    *              1             0             1 
   200 yb[1,1,1,1,3,1]
                    *              0             0             1 
   201 yb[1,1,1,2,1,1]
                    *              0             0             1 
   202 yb[1,1,1,3,1,1]
                    *              0             0             1 
   203 yb[1,1,2,3,1,1]
                    *              0             0             1 
   204 yb[1,1,3,2,1,1]
                    *              1             0             1 
   205 yb[1,1,3,3,2,1]
                    *              0             0             1 
   206 yb[1,2,1,1,3,1]
                    *              0             0             1 
   207 yb[1,2,2,1,2,1]
                    *              0             0             1 
   208 yb[1,2,2,2,1,1]
                    *              0             0             1 
   209 yb[1,2,3,2,2,1]
                    *              0             0             1 
   210 yb[1,3,1,1,2,1]
                    *              0             0             1 
   211 yb[1,3,1,2,3,1]
                    *              0             0             1 
   212 yb[1,3,2,2,2,1]
                    *              0             0             1 
   213 yb[1,3,3,1,3,1]
                    *              1             0             1 
   214 yb[1,3,3,2,3,1]
                    *              0             0             1 
   215 yb[1,3,3,3,1,1]
                    *              0             0             1 
   216 yb[1,3,3,3,2,1]
                    *              0             0             1 
   217 yb[1,1,1,1,2,2]
                    *              1             0             1 
   218 yb[1,1,1,1,3,2]
                    *              0             0             1 
   219 yb[1,1,1,2,1,2]
                    *              0             0             1 
   220 yb[1,1,1,3,1,2]
                    *              0             0             1 
   221 yb[1,1,2,3,1,2]
                    *              0             0             1 
   222 yb[1,1,3,2,1,2]
                    *              1             0             1 
   223 yb[1,1,3,3,2,2]
                    *              0             0             1 
   224 yb[1,2,1,1,3,2]
                    *              0             0             1 
   225 yb[1,2,2,1,2,2]
                    *              0             0             1 
   226 yb[1,2,2,2,1,2]
                    *              0             0             1 
   227 yb[1,2,3,2,2,2]
                    *              0             0             1 
   228 yb[1,3,1,1,2,2]
                    *              0             0             1 
   229 yb[1,3,1,2,3,2]
                    *              0             0             1 
   230 yb[1,3,2,2,2,2]
                    *              0             0             1 
   231 yb[1,3,3,1,3,2]
                    *              1             0             1 
   232 yb[1,3,3,2,3,2]
                    *              0             0             1 
   233 yb[1,3,3,3,1,2]
                    *              0             0             1 
   234 yb[1,3,3,3,2,2]
                    *              0             0             1 
   235 yb[1,1,1,1,2,3]
                    *              1             0             1 
   236 yb[1,1,1,1,3,3]
                    *              0             0             1 
   237 yb[1,1,1,2,1,3]
                    *              0             0             1 
   238 yb[1,1,1,3,1,3]
                    *              0             0             1 
   239 yb[1,1,2,3,1,3]
                    *              0             0             1 
   240 yb[1,1,3,2,1,3]
                    *              1             0             1 
   241 yb[1,1,3,3,2,3]
                    *              0             0             1 
   242 yb[1,2,1,1,3,3]
                    *              0             0             1 
   243 yb[1,2,2,1,2,3]
                    *              0             0             1 
   244 yb[1,2,2,2,1,3]
                    *              0             0             1 
   245 yb[1,2,3,2,2,3]
                    *              0             0             1 
   246 yb[1,3,1,1,2,3]
                    *              0             0             1 
   247 yb[1,3,1,2,3,3]
                    *              0             0             1 
   248 yb[1,3,2,2,2,3]
                    *              0             0             1 
   249 yb[1,3,3,1,3,3]
                    *              1             0             1 
   250 yb[1,3,3,2,3,3]
                    *              0             0             1 
   251 yb[1,3,3,3,1,3]
                    *              0             0             1 
   252 yb[1,3,3,3,2,3]
                    *              0             0             1 
   253 yb[1,1,1,1,2,4]
                    *              1             0             1 
   254 yb[1,1,1,1,3,4]
                    *              0             0             1 
   255 yb[1,1,1,2,1,4]
                    *              0             0             1 
   256 yb[1,1,1,3,1,4]
                    *              0             0             1 
   257 yb[1,1,2,3,1,4]
                    *              0             0             1 
   258 yb[1,1,3,2,1,4]
                    *              1             0             1 
   259 yb[1,1,3,3,2,4]
                    *              0             0             1 
   260 yb[1,2,1,1,3,4]
                    *              0             0             1 
   261 yb[1,2,2,1,2,4]
                    *              0             0             1 
   262 yb[1,2,2,2,1,4]
                    *              0             0             1 
   263 yb[1,2,3,2,2,4]
                    *              0             0             1 
   264 yb[1,3,1,1,2,4]
                    *              0             0             1 
   265 yb[1,3,1,2,3,4]
                    *              0             0             1 
   266 yb[1,3,2,2,2,4]
                    *              0             0             1 
   267 yb[1,3,3,1,3,4]
                    *              1             0             1 
   268 yb[1,3,3,2,3,4]
                    *              0             0             1 
   269 yb[1,3,3,3,1,4]
                    *              0             0             1 
   270 yb[1,3,3,3,2,4]
                    *              0             0             1 
   271 yb[1,1,1,1,2,5]
                    *              0             0             1 
   272 yb[1,1,1,1,3,5]
                    *              0             0             1 
   273 yb[1,1,1,2,1,5]
                    *              0             0             1 
   274 yb[1,1,1,3,1,5]
                    *              0             0             1 
   275 yb[1,1,2,3,1,5]
                    *              0             0             1 
   276 yb[1,1,3,2,1,5]
                    *              0             0             1 
   277 yb[1,1,3,3,2,5]
                    *              0             0             1 
   278 yb[1,2,1,1,3,5]
                    *              0             0             1 
   279 yb[1,2,2,1,2,5]
                    *              0             0             1 
   280 yb[1,2,2,2,1,5]
                    *              0             0             1 
   281 yb[1,2,3,2,2,5]
                    *              0             0             1 
   282 yb[1,3,1,1,2,5]
                    *              0             0             1 
   283 yb[1,3,1,2,3,5]
                    *              0             0             1 
   284 yb[1,3,2,2,2,5]
                    *              0             0             1 
   285 yb[1,3,3,1,3,5]
                    *              0             0             1 
   286 yb[1,3,3,2,3,5]
                    *              0             0             1 
   287 yb[1,3,3,3,1,5]
                    *              0             0             1 
   288 yb[1,3,3,3,2,5]
                    *              0             0             1 
   289 yb[1,1,1,1,2,6]
                    *              0             0             1 
   290 yb[1,1,1,1,3,6]
                    *              0             0             1 
   291 yb[1,1,1,2,1,6]
                    *              0             0             1 
   292 yb[1,1,1,3,1,6]
                    *              0             0             1 
   293 yb[1,1,2,3,1,6]
                    *              0             0             1 
   294 yb[1,1,3,2,1,6]
                    *              0             0             1 
   295 yb[1,1,3,3,2,6]
                    *              0             0             1 
   296 yb[1,2,1,1,3,6]
                    *              0             0             1 
   297 yb[1,2,2,1,2,6]
                    *              0             0             1 
   298 yb[1,2,2,2,1,6]
                    *              0             0             1 
   299 yb[1,2,3,2,2,6]
                    *              0             0             1 
   300 yb[1,3,1,1,2,6]
                    *              0             0             1 
   301 yb[1,3,1,2,3,6]
                    *              0             0             1 
   302 yb[1,3,2,2,2,6]
                    *              0             0             1 
   303 yb[1,3,3,1,3,6]
                    *              0             0             1 
   304 yb[1,3,3,2,3,6]
                    *              0             0             1 
   305 yb[1,3,3,3,1,6]
                    *              0             0             1 
   306 yb[1,3,3,3,2,6]
                    *              0             0             1 
   307 yb[1,1,1,1,2,7]
                    *              0             0             1 
   308 yb[1,1,1,1,3,7]
                    *              0             0             1 
   309 yb[1,1,1,2,1,7]
                    *              0             0             1 
   310 yb[1,1,1,3,1,7]
                    *              0             0             1 
   311 yb[1,1,2,3,1,7]
                    *              0             0             1 
   312 yb[1,1,3,2,1,7]
                    *              0             0             1 
   313 yb[1,1,3,3,2,7]
                    *              0             0             1 
   314 yb[1,2,1,1,3,7]
                    *              0             0             1 
   315 yb[1,2,2,1,2,7]
                    *              0             0             1 
   316 yb[1,2,2,2,1,7]
                    *              0             0             1 
   317 yb[1,2,3,2,2,7]
                    *              0             0             1 
   318 yb[1,3,1,1,2,7]
                    *              0             0             1 
   319 yb[1,3,1,2,3,7]
                    *              0             0             1 
   320 yb[1,3,2,2,2,7]
                    *              0             0             1 
   321 yb[1,3,3,1,3,7]
                    *              0             0             1 
   322 yb[1,3,3,2,3,7]
                    *              0             0             1 
   323 yb[1,3,3,3,1,7]
                    *              0             0             1 
   324 yb[1,3,3,3,2,7]
                    *              0             0             1 
   325 yb[1,1,1,1,2,8]
                    *              0             0             1 
   326 yb[1,1,1,1,3,8]
                    *              0             0             1 
   327 yb[1,1,1,2,1,8]
                    *              0             0             1 
   328 yb[1,1,1,3,1,8]
                    *              0             0             1 
   329 yb[1,1,2,3,1,8]
                    *              0             0             1 
   330 yb[1,1,3,2,1,8]
                    *              0             0             1 
   331 yb[1,1,3,3,2,8]
                    *              0             0             1 
   332 yb[1,2,1,1,3,8]
                    *              0             0             1 
   333 yb[1,2,2,1,2,8]
                    *              0             0             1 
   334 yb[1,2,2,2,1,8]
                    *              0             0             1 
   335 yb[1,2,3,2,2,8]
                    *              0             0             1 
   336 yb[1,3,1,1,2,8]
                    *              0             0             1 
   337 yb[1,3,1,2,3,8]
                    *              0             0             1 
   338 yb[1,3,2,2,2,8]
                    *              0             0             1 
   339 yb[1,3,3,1,3,8]
                    *              0             0             1 
   340 yb[1,3,3,2,3,8]
                    *              0             0             1 
   341 yb[1,3,3,3,1,8]
                    *              0             0             1 
   342 yb[1,3,3,3,2,8]
                    *              0             0             1 
   343 yb[1,1,1,1,2,9]
                    *              0             0             1 
   344 yb[1,1,1,1,3,9]
                    *              0             0             1 
   345 yb[1,1,1,2,1,9]
                    *              0             0             1 
   346 yb[1,1,1,3,1,9]
                    *              0             0             1 
   347 yb[1,1,2,3,1,9]
                    *              0             0             1 
   348 yb[1,1,3,2,1,9]
                    *              0             0             1 
   349 yb[1,1,3,3,2,9]
                    *              0             0             1 
   350 yb[1,2,1,1,3,9]
                    *              0             0             1 
   351 yb[1,2,2,1,2,9]
                    *              0             0             1 
   352 yb[1,2,2,2,1,9]
                    *              0             0             1 
   353 yb[1,2,3,2,2,9]
                    *              0             0             1 
   354 yb[1,3,1,1,2,9]
                    *              0             0             1 
   355 yb[1,3,1,2,3,9]
                    *              0             0             1 
   356 yb[1,3,2,2,2,9]
                    *              0             0             1 
   357 yb[1,3,3,1,3,9]
                    *              0             0             1 
   358 yb[1,3,3,2,3,9]
                    *              0             0             1 
   359 yb[1,3,3,3,1,9]
                    *              0             0             1 
   360 yb[1,3,3,3,2,9]
                    *              0             0             1 

Integer feasibility conditions:

KKT.PE: max.abs.err = 0.00e+00 on row 0
        max.rel.err = 0.00e+00 on row 0
        High quality

KKT.PB: max.abs.err = 0.00e+00 on row 0
        max.rel.err = 0.00e+00 on row 0
        High quality

End of output
